# JRE version: Java(TM) SE Runtime Environment (8.0_202-b08) (build 1.8.0_202-b08)
# Java VM: Java HotSpot(TM) 64-Bit Server VM (25.202-b08 mixed mode windows-amd64 compressed oops)
Heap:
 PSYoungGen      total 108544K, used 1816K [0x00000000f5580000, 0x00000000fd000000, 0x0000000100000000)
  eden space 95232K, 1% used [0x00000000f5580000,0x00000000f57460e0,0x00000000fb280000)
  from space 13312K, 0% used [0x00000000fb280000,0x00000000fb280000,0x00000000fbf80000)
  to   space 12800K, 0% used [0x00000000fbf80000,0x00000000fbf80000,0x00000000fcc00000)
 ParOldGen       total 175104K, used 13942K [0x00000000e0000000, 0x00000000eab00000, 0x00000000f5580000)
  object space 175104K, 7% used [0x00000000e0000000,0x00000000e0d9d9a8,0x00000000eab00000)
 Metaspace       used 34093K, capacity 35574K, committed 35880K, reserved 1079296K
  class space    used 4800K, capacity 5125K, committed 5248K, reserved 1048576K
GC Heap History (10 events):
Event: 6.058 GC heap before
{Heap before GC invocations=5 (full 1):
 PSYoungGen      total 76288K, used 10064K [0x00000000f5580000, 0x00000000faa80000, 0x0000000100000000)
  eden space 65536K, 0% used [0x00000000f5580000,0x00000000f5580000,0x00000000f9580000)
  from space 10752K, 93% used [0x00000000fa000000,0x00000000fa9d43c0,0x00000000faa80000)
  to   space 10752K, 0% used [0x00000000f9580000,0x00000000f9580000,0x00000000fa000000)
 ParOldGen       total 175104K, used 104K [0x00000000e0000000, 0x00000000eab00000, 0x00000000f5580000)
  object space 175104K, 0% used [0x00000000e0000000,0x00000000e001a238,0x00000000eab00000)
 Metaspace       used 20466K, capacity 21176K, committed 21296K, reserved 1067008K
  class space    used 2983K, capacity 3170K, committed 3200K, reserved 1048576K
Event: 6.119 GC heap after
Heap after GC invocations=5 (full 1):
 PSYoungGen      total 76288K, used 0K [0x00000000f5580000, 0x00000000faa80000, 0x0000000100000000)
  eden space 65536K, 0% used [0x00000000f5580000,0x00000000f5580000,0x00000000f9580000)
  from space 10752K, 0% used [0x00000000fa000000,0x00000000fa000000,0x00000000faa80000)
  to   space 10752K, 0% used [0x00000000f9580000,0x00000000f9580000,0x00000000fa000000)
 ParOldGen       total 175104K, used 9755K [0x00000000e0000000, 0x00000000eab00000, 0x00000000f5580000)
  object space 175104K, 5% used [0x00000000e0000000,0x00000000e0986c10,0x00000000eab00000)
 Metaspace       used 20466K, capacity 21176K, committed 21296K, reserved 1067008K
  class space    used 2983K, capacity 3170K, committed 3200K, reserved 1048576K
}
Event: 7.332 GC heap before
{Heap before GC invocations=6 (full 1):
 PSYoungGen      total 76288K, used 65536K [0x00000000f5580000, 0x00000000faa80000, 0x0000000100000000)
  eden space 65536K, 100% used [0x00000000f5580000,0x00000000f9580000,0x00000000f9580000)
  from space 10752K, 0% used [0x00000000fa000000,0x00000000fa000000,0x00000000faa80000)
  to   space 10752K, 0% used [0x00000000f9580000,0x00000000f9580000,0x00000000fa000000)
 ParOldGen       total 175104K, used 9755K [0x00000000e0000000, 0x00000000eab00000, 0x00000000f5580000)
  object space 175104K, 5% used [0x00000000e0000000,0x00000000e0986c10,0x00000000eab00000)
 Metaspace       used 24371K, capacity 25428K, committed 25728K, reserved 1071104K
  class space    used 3625K, capacity 3892K, committed 3968K, reserved 1048576K
Event: 7.338 GC heap after
Heap after GC invocations=6 (full 1):
 PSYoungGen      total 76288K, used 5120K [0x00000000f5580000, 0x00000000fcc00000, 0x0000000100000000)
  eden space 65536K, 0% used [0x00000000f5580000,0x00000000f5580000,0x00000000f9580000)
  from space 10752K, 47% used [0x00000000f9580000,0x00000000f9a801d8,0x00000000fa000000)
  to   space 12800K, 0% used [0x00000000fbf80000,0x00000000fbf80000,0x00000000fcc00000)
 ParOldGen       total 175104K, used 9763K [0x00000000e0000000, 0x00000000eab00000, 0x00000000f5580000)
  object space 175104K, 5% used [0x00000000e0000000,0x00000000e0988c10,0x00000000eab00000)
 Metaspace       used 24371K, capacity 25428K, committed 25728K, reserved 1071104K
  class space    used 3625K, capacity 3892K, committed 3968K, reserved 1048576K
}
Event: 8.558 GC heap before
{Heap before GC invocations=7 (full 1):
 PSYoungGen      total 76288K, used 70656K [0x00000000f5580000, 0x00000000fcc00000, 0x0000000100000000)
  eden space 65536K, 100% used [0x00000000f5580000,0x00000000f9580000,0x00000000f9580000)
  from space 10752K, 47% used [0x00000000f9580000,0x00000000f9a801d8,0x00000000fa000000)
  to   space 12800K, 0% used [0x00000000fbf80000,0x00000000fbf80000,0x00000000fcc00000)
 ParOldGen       total 175104K, used 9763K [0x00000000e0000000, 0x00000000eab00000, 0x00000000f5580000)
  object space 175104K, 5% used [0x00000000e0000000,0x00000000e0988c10,0x00000000eab00000)
 Metaspace       used 32786K, capacity 34236K, committed 34432K, reserved 1079296K
  class space    used 4646K, capacity 4970K, committed 4992K, reserved 1048576K
Event: 8.578 GC heap after
Heap after GC invocations=7 (full 1):
 PSYoungGen      total 108032K, used 9896K [0x00000000f5580000, 0x00000000fd000000, 0x0000000100000000)
  eden space 95232K, 0% used [0x00000000f5580000,0x00000000f5580000,0x00000000fb280000)
  from space 12800K, 77% used [0x00000000fbf80000,0x00000000fc92a328,0x00000000fcc00000)
  to   space 13312K, 0% used [0x00000000fb280000,0x00000000fb280000,0x00000000fbf80000)
 ParOldGen       total 175104K, used 9771K [0x00000000e0000000, 0x00000000eab00000, 0x00000000f5580000)
  object space 175104K, 5% used [0x00000000e0000000,0x00000000e098ac10,0x00000000eab00000)
 Metaspace       used 32786K, capacity 34236K, committed 34432K, reserved 1079296K
  class space    used 4646K, capacity 4970K, committed 4992K, reserved 1048576K
}
Event: 8.855 GC heap before
{Heap before GC invocations=8 (full 1):
 PSYoungGen      total 108032K, used 18539K [0x00000000f5580000, 0x00000000fd000000, 0x0000000100000000)
  eden space 95232K, 9% used [0x00000000f5580000,0x00000000f5df0c28,0x00000000fb280000)
  from space 12800K, 77% used [0x00000000fbf80000,0x00000000fc92a328,0x00000000fcc00000)
  to   space 13312K, 0% used [0x00000000fb280000,0x00000000fb280000,0x00000000fbf80000)
 ParOldGen       total 175104K, used 9771K [0x00000000e0000000, 0x00000000eab00000, 0x00000000f5580000)
  object space 175104K, 5% used [0x00000000e0000000,0x00000000e098ac10,0x00000000eab00000)
 Metaspace       used 33927K, capacity 35382K, committed 35496K, reserved 1079296K
  class space    used 4757K, capacity 5061K, committed 5120K, reserved 1048576K
Event: 8.869 GC heap after
Heap after GC invocations=8 (full 1):
 PSYoungGen      total 108544K, used 6572K [0x00000000f5580000, 0x00000000fd000000, 0x0000000100000000)
  eden space 95232K, 0% used [0x00000000f5580000,0x00000000f5580000,0x00000000fb280000)
  from space 13312K, 49% used [0x00000000fb280000,0x00000000fb8eb2f0,0x00000000fbf80000)
  to   space 12800K, 0% used [0x00000000fbf80000,0x00000000fbf80000,0x00000000fcc00000)
 ParOldGen       total 175104K, used 9779K [0x00000000e0000000, 0x00000000eab00000, 0x00000000f5580000)
  object space 175104K, 5% used [0x00000000e0000000,0x00000000e098cc10,0x00000000eab00000)
 Metaspace       used 33927K, capacity 35382K, committed 35496K, reserved 1079296K
  class space    used 4757K, capacity 5061K, committed 5120K, reserved 1048576K
}
Event: 8.869 GC heap before
{Heap before GC invocations=9 (full 2):
 PSYoungGen      total 108544K, used 6572K [0x00000000f5580000, 0x00000000fd000000, 0x0000000100000000)
  eden space 95232K, 0% used [0x00000000f5580000,0x00000000f5580000,0x00000000fb280000)
  from space 13312K, 49% used [0x00000000fb280000,0x00000000fb8eb2f0,0x00000000fbf80000)
  to   space 12800K, 0% used [0x00000000fbf80000,0x00000000fbf80000,0x00000000fcc00000)
 ParOldGen       total 175104K, used 9779K [0x00000000e0000000, 0x00000000eab00000, 0x00000000f5580000)
  object space 175104K, 5% used [0x00000000e0000000,0x00000000e098cc10,0x00000000eab00000)
 Metaspace       used 33927K, capacity 35382K, committed 35496K, reserved 1079296K
  class space    used 4757K, capacity 5061K, committed 5120K, reserved 1048576K
Event: 8.991 GC heap after
Heap after GC invocations=9 (full 2):
 PSYoungGen      total 108544K, used 0K [0x00000000f5580000, 0x00000000fd000000, 0x0000000100000000)
  eden space 95232K, 0% used [0x00000000f5580000,0x00000000f5580000,0x00000000fb280000)
  from space 13312K, 0% used [0x00000000fb280000,0x00000000fb280000,0x00000000fbf80000)
  to   space 12800K, 0% used [0x00000000fbf80000,0x00000000fbf80000,0x00000000fcc00000)
 ParOldGen       total 175104K, used 13942K [0x00000000e0000000, 0x00000000eab00000, 0x00000000f5580000)
  object space 175104K, 7% used [0x00000000e0000000,0x00000000e0d9d9a8,0x00000000eab00000)
 Metaspace       used 33927K, capacity 35382K, committed 35496K, reserved 1079296K
  class space    used 4757K, capacity 5061K, committed 5120K, reserved 1048576K
}

